d:\ueproject\gamesever\gamesever\debug\vc141.pdb
d:\ueproject\gamesever\gamesever\debug\vc141.idb
d:\ueproject\gamesever\gamesever\debug\synloadroom.obj
d:\ueproject\gamesever\gamesever\debug\synjoinroom.obj
d:\ueproject\gamesever\gamesever\debug\synexitroom.obj
d:\ueproject\gamesever\gamesever\debug\syndismissroom.obj
d:\ueproject\gamesever\gamesever\debug\syncreateroom.obj
d:\ueproject\gamesever\gamesever\debug\syncountdown.obj
d:\ueproject\gamesever\gamesever\debug\synbase.obj
d:\ueproject\gamesever\gamesever\debug\socketsingledatasend.obj
d:\ueproject\gamesever\gamesever\debug\socketmultidatasend.obj
d:\ueproject\gamesever\gamesever\debug\socketdatareceive.obj
d:\ueproject\gamesever\gamesever\debug\socketconnect.obj
d:\ueproject\gamesever\gamesever\debug\socketclientmanager.obj
d:\ueproject\gamesever\gamesever\debug\server.obj
d:\ueproject\gamesever\gamesever\debug\roomitem.obj
d:\ueproject\gamesever\gamesever\debug\room.obj
d:\ueproject\gamesever\gamesever\debug\player.obj
d:\ueproject\gamesever\gamesever\debug\gamesever.obj
d:\ueproject\gamesever\gamesever\debug\flaglib.obj
d:\ueproject\gamesever\gamesever\debug\datatable.obj
d:\ueproject\gamesever\gamesever\debug\datamanager.obj
d:\ueproject\gamesever\gamesever\debug\synstartgame.obj
d:\ueproject\gamesever\gamesever\debug\synregister.obj
d:\ueproject\gamesever\gamesever\debug\synmassage.obj
d:\ueproject\gamesever\gamesever\debug\synlogin.obj
d:\ueproject\gamesever\gamesever\debug\synroadmessage.obj
d:\ueproject\gamesever\gamesever\debug\accountdatatable.obj
d:\ueproject\gamesever\gamesever\debug\sql.obj
d:\ueproject\gamesever\debug\gamesever.exe
d:\ueproject\gamesever\debug\gamesever.ilk
d:\ueproject\gamesever\debug\gamesever.pdb
d:\ueproject\gamesever\gamesever\debug\gamesever.tlog\cl.command.1.tlog
d:\ueproject\gamesever\gamesever\debug\gamesever.tlog\cl.read.1.tlog
d:\ueproject\gamesever\gamesever\debug\gamesever.tlog\cl.write.1.tlog
d:\ueproject\gamesever\gamesever\debug\gamesever.tlog\link-cvtres.read.1.tlog
d:\ueproject\gamesever\gamesever\debug\gamesever.tlog\link-cvtres.write.1.tlog
d:\ueproject\gamesever\gamesever\debug\gamesever.tlog\link-rc.read.1.tlog
d:\ueproject\gamesever\gamesever\debug\gamesever.tlog\link-rc.write.1.tlog
d:\ueproject\gamesever\gamesever\debug\gamesever.tlog\link.command.1.tlog
d:\ueproject\gamesever\gamesever\debug\gamesever.tlog\link.read.1.tlog
d:\ueproject\gamesever\gamesever\debug\gamesever.tlog\link.write.1.tlog
