d:\ueproject\gamesever\gamesever\x64\debug\vc141.pdb
d:\ueproject\gamesever\gamesever\x64\debug\vc141.idb
d:\ueproject\gamesever\gamesever\x64\debug\synjoinroom.obj
d:\ueproject\gamesever\gamesever\x64\debug\synexitroom.obj
d:\ueproject\gamesever\gamesever\x64\debug\syndismissroom.obj
d:\ueproject\gamesever\gamesever\x64\debug\syncreateroom.obj
d:\ueproject\gamesever\gamesever\x64\debug\syncountdown.obj
d:\ueproject\gamesever\gamesever\x64\debug\synbase.obj
d:\ueproject\gamesever\gamesever\x64\debug\socketsingledatasend.obj
d:\ueproject\gamesever\gamesever\x64\debug\socketmultidatasend.obj
d:\ueproject\gamesever\gamesever\x64\debug\socketdatareceive.obj
d:\ueproject\gamesever\gamesever\x64\debug\socketconnect.obj
d:\ueproject\gamesever\gamesever\x64\debug\socketclientmanager.obj
d:\ueproject\gamesever\gamesever\x64\debug\server.obj
d:\ueproject\gamesever\gamesever\x64\debug\roomitem.obj
d:\ueproject\gamesever\gamesever\x64\debug\room.obj
d:\ueproject\gamesever\gamesever\x64\debug\player.obj
d:\ueproject\gamesever\gamesever\x64\debug\flaglib.obj
d:\ueproject\gamesever\gamesever\x64\debug\accountdatatable.obj
d:\ueproject\gamesever\gamesever\x64\debug\datamanager.obj
d:\ueproject\gamesever\gamesever\x64\debug\synstartgame.obj
d:\ueproject\gamesever\gamesever\x64\debug\synroadmessage.obj
d:\ueproject\gamesever\gamesever\x64\debug\synregister.obj
d:\ueproject\gamesever\gamesever\x64\debug\synmassage.obj
d:\ueproject\gamesever\gamesever\x64\debug\synlogin.obj
d:\ueproject\gamesever\gamesever\x64\debug\synloadroom.obj
d:\ueproject\gamesever\gamesever\x64\debug\gamesever.tlog\cl.command.1.tlog
d:\ueproject\gamesever\gamesever\x64\debug\gamesever.tlog\cl.read.1.tlog
d:\ueproject\gamesever\gamesever\x64\debug\gamesever.tlog\cl.write.1.tlog
